
ROM used:   3138/8192 (38%)
            3497/8192 (43%) including unused fragments

            2.0 Average locations per line
            13.0 Average locations per statement

RAM used:   22/368 (6%) at main() level
            49/368 (13%) worst case

Stack used: 5 worst case (5 in main + 0 for interrupts)
Stack size: 8

Lines Stmts  %   Files
----- ----- ---  -----
  311   158  65  circuito08.c
  768     0   0  ..\..\..\..\..\Program Files (x86)\PICC\Devices\16F887.h
  456    84  35  ..\..\..\..\..\Program Files (x86)\PICC\Drivers\lcd.c
----- -----
 1535   242 Total

Page ROM  %  RAM   Vol Diff  Functions:
---- --- --- ---   --- ----  ----------
0     21   1    1             @delay_ms1
0     27   1    2             @GETCH_BIU_1
 Inline         3   596  5.9  lcd_read_byte
0      6   0    0    59  4.2  lcd_read_nibble
0     12   0    1   179  3.3  lcd_send_nibble
0     64   2    3   460  4.7  lcd_send_byte
0     62   2    6   814  7.2  lcd_init
0     18   1    4   208  6.3  lcd_gotoxy
0     44   1    1   354  4.7  lcd_putc
1   1449  46   15  6779  9.1  MAIN
0      6   0    0             @const677
0     86   3    4             @PSTRINGC7_651
0     16   1    0             @const681
0     88   3    4             @PSTRINGC7_9600_62_63
0      6   0    0             @const683
0     18   1    0             @const684
0      8   0    0             @const685
0      8   0    0             @const686
0     11   0    0             @const687
0     89   3    5             @PSTRINGCN7_9600_62_63
0      3   0    0             @const691
0     14   0    0             @const692
0      9   0    0             @const693
0     21   1    3             @DIV88
0     56   2    2             @PRINTF_U_9600_62_63
0      9   0    0             @const700
0      3   0    0             @const701
0    117   4   13             @MULFF
0     31   1    5             @FTOSD
0     79   3   13             @DIV3232
0    195   6   13             @PRINTF_L32D_651FPFPF
0      5   0    0             @const714
0     10   0    0             @const715
0      8   0    0             @const716
0    199   6   13             @PRINTF_L32D_9600_62_63FPFPF
0      3   0    0             @const720
0     29   1    2             @ITOF
0      5   0    0             @const724
0     11   0    0             @const725
0      9   0    0             @const726
0      3   0    0             @const727
0      5   0    0             @const729
0     12   0    0             @const730
0      9   0    0             @const731
0      7   0    0             @const732
0     87   3    5             @PSTRINGCN7_651
0      5   0    0             @const735
0      9   0    0             @const736
0      9   0    0             @const737
0      7   0    0             @const738
0      5   0    0             @const739
0      9   0    0             @const740
0      9   0    0             @const741
0      7   0    0             @const742
0      5   0    0             @const743
0      9   0    0             @const744
0      9   0    0             @const745
0     12   0    0             @const746
0      7   0    0             @const748
0     16   1    0             @const749
0      4   0    0             @const750
0     13   0    0             @const751
0      4   0    0             @const752
0      5   0    0             @const753
0     12   0    0             @const754
 Inline         0             @cinit1

Program metrics:
    Functions               8
    Statements              242
    Comments                301
    Volume (V)              12092
    Difficulty (D)          39.0
    Effort to implement (E) 471526
    Time to implement (T)   7 hours, 17 minutes
    Est Delivered Bugs (B)  2
    Cyclomatic Complexity   19
    Maintainability (MI)    73

 Segment     Used  Free
-----------  ----  ----
00000-00003     4  0  
00004-007FF  1685  359  
00800-00FFF  1449  599  
01000-017FF     0  2048  
01800-01FFF     0  2048  



