
ROM used:   788/8192 (10%)
            788/8192 (10%) including unused fragments

            0.6 Average locations per line
            6.2 Average locations per statement

RAM used:   8/368 (2%) at main() level
            22/368 (6%) worst case

Stack used: 5 worst case (5 in main + 0 for interrupts)
Stack size: 8

Lines Stmts  %   Files
----- ----- ---  -----
   75    43  34  circuito05.c
  768     0   0  ..\..\..\..\..\Program Files (x86)\PICC\Devices\16F887.h
  456    84  66  ..\..\..\..\..\Program Files (x86)\PICC\Drivers\lcd.c
----- -----
 1299   127 Total

Page ROM  %  RAM   Vol Diff  Functions:
---- --- --- ---   --- ----  ----------
0     21   3    1             @delay_ms1
 Inline         3   596  5.9  lcd_read_byte
0      6   1    0    59  4.2  lcd_read_nibble
0     12   2    1   179  3.3  lcd_send_nibble
0     64   8    3   460  4.7  lcd_send_byte
0     62   8    6   814  7.2  lcd_init
0     18   2    4   208  6.3  lcd_gotoxy
0     44   6    1   354  4.7  lcd_putc
0    280  36    2  1589  5.8  MAIN
0      6   1    0             @const663
0     86  11    4             @PSTRINGC7_646
0      4   1    0             @const666
0      3   0    0             @const667
0      4   1    0             @const668
0      4   1    0             @const669
0     87  11    5             @PSTRINGCN7_646
0     21   3    3             @DIV88
0     53   7    2             @PRINTF_U_646
0      5   1    0             @const678
0      4   1    0             @const679
 Inline         0             @cinit1

Program metrics:
    Functions               8
    Statements              127
    Comments                242
    Volume (V)              6201
    Difficulty (D)          38.9
    Effort to implement (E) 241308
    Time to implement (T)   3 hours, 43 minutes
    Est Delivered Bugs (B)  1
    Cyclomatic Complexity   10
    Maintainability (MI)    131

 Segment     Used  Free
-----------  ----  ----
00000-00003     4  0  
00004-007FF   784  1260  
00800-00FFF     0  2048  
01000-017FF     0  2048  
01800-01FFF     0  2048  



