
ROM used:   1189/8192 (15%)
            1189/8192 (15%) including unused fragments

            0.9 Average locations per line
            10.9 Average locations per statement

RAM used:   10/368 (3%) at main() level
            36/368 (10%) worst case

Stack used: 5 worst case (5 in main + 0 for interrupts)
Stack size: 8

Lines Stmts  %   Files
----- ----- ---  -----
   34     9   8  circuito03.c
  768     0   0  ..\..\..\..\..\Program Files (x86)\PICC\Devices\16F887.h
  456   100  92  ..\..\..\..\..\Program Files (x86)\PICC\Drivers\lcd.c
----- -----
 1258   109 Total

Page ROM  %  RAM   Vol Diff  Functions:
---- --- --- ---   --- ----  ----------
0     21   2    1             @delay_ms1
 Inline         3   760  4.5  lcd_read_byte
0     49   4    2   262  3.7  lcd_read_nibble
0     43   4    1   399  2.4  lcd_send_nibble
0     92   8    3   415  3.7  lcd_send_byte
0     70   6    6   852  6.2  lcd_init
0     18   2    4   208  6.3  lcd_gotoxy
0     44   4    1   354  4.7  lcd_putc
0    125  11    5   262  3.4  MAIN
0      6   1    0             @const660
0     88   7    4             @PSTRINGC7_644
0      6   1    0             @const662
0     31   3    2             @ITOF
0    117  10   13             @MULFF
0     87   7    5             @PSTRINGCN7_644
 Inline         5             @FTOSD
0     79   7   13             @DIV3232
0    226  19   13             @PRINTF_L32D_644FPFPF
0      7   1    0             @const678
0     21   2    3             @DIV88
0     55   5    2             @PRINTF_U_644
 Inline         0             @cinit1

Program metrics:
    Functions               8
    Statements              109
    Comments                236
    Volume (V)              5342
    Difficulty (D)          33.0
    Effort to implement (E) 176140
    Time to implement (T)   2 hours, 43 minutes
    Est Delivered Bugs (B)  1
    Cyclomatic Complexity   8
    Maintainability (MI)    137

 Segment     Used  Free
-----------  ----  ----
00000-00003     4  0  
00004-007FF  1185  859  
00800-00FFF     0  2048  
01000-017FF     0  2048  
01800-01FFF     0  2048  



