
ROM used:   1567/8192 (19%)
            1567/8192 (19%) including unused fragments

            1.2 Average locations per line
            9.9 Average locations per statement

RAM used:   9/368 (2%) at main() level
            27/368 (7%) worst case

Stack used: 5 worst case (5 in main + 0 for interrupts)
Stack size: 8

Lines Stmts  %   Files
----- ----- ---  -----
  116    74  47  circuito06.c
  768     0   0  ..\..\..\..\..\Program Files (x86)\PICC\Devices\16F887.h
  456    84  53  ..\..\..\..\..\Program Files (x86)\PICC\Drivers\lcd.c
----- -----
 1340   158 Total

Page ROM  %  RAM   Vol Diff  Functions:
---- --- --- ---   --- ----  ----------
0     21   1    1             @delay_ms1
 Inline         3   596  5.9  lcd_read_byte
0      6   0    0    59  4.2  lcd_read_nibble
0     12   1    1   179  3.3  lcd_send_nibble
0     64   4    3   460  4.7  lcd_send_byte
0     62   4    6   814  7.2  lcd_init
0     18   1    4   208  6.3  lcd_gotoxy
0     44   3    1   354  4.7  lcd_putc
0    581  37    3  2906  5.4  MAIN
0      6   0    0             @const667
0     86   5    4             @PSTRINGC7_651
0      4   0    0             @const670
0     89   6    5             @PSTRINGCN7_651
0    101   6    9             @PRINTF_LU_651
0     11   1    0             @const675
0     91   6    5             @PSTRINGCN7_9600_62_63
0     91   6    9             @PRINTF_LU_9600_62_63
0      3   0    0             @const680
0     11   1    0             @const681
0     88   6    4             @PSTRINGC7_9600_62_63
0      4   0    0             @const683
0     12   1    0             @const684
0      3   0    0             @const685
0     11   1    0             @const686
0      3   0    0             @const687
0     11   1    0             @const688
0      3   0    0             @const689
0     11   1    0             @const690
0      3   0    0             @const691
0     11   1    0             @const692
0      3   0    0             @const693
0     11   1    0             @const694
0      4   0    0             @const695
0     12   1    0             @const696
0      6   0    0             @const697
0     14   1    0             @const698
0      4   0    0             @const699
0     12   1    0             @const700
0      5   0    0             @const701
0     13   1    0             @const702
0      5   0    0             @const703
0     13   1    0             @const704
 Inline         0             @cinit1

Program metrics:
    Functions               8
    Statements              158
    Comments                268
    Volume (V)              7793
    Difficulty (D)          36.3
    Effort to implement (E) 282531
    Time to implement (T)   4 hours, 22 minutes
    Est Delivered Bugs (B)  1
    Cyclomatic Complexity   19
    Maintainability (MI)    108

 Segment     Used  Free
-----------  ----  ----
00000-00003     4  0  
00004-007FF  1563  481  
00800-00FFF     0  2048  
01000-017FF     0  2048  
01800-01FFF     0  2048  



