CCS PCM C Compiler, Version 5.015, 5967               25-Oct-23 16:52

               Filename:   C:\Users\soyan\proyectos_programacion\7_MM\circuito06\circuito06.lst

               ROM used:   1567 words (19%)
                           Largest free fragment is 2048
               RAM used:   9 (2%) at main() level
                           27 (7%) worst case
               Stack used: 5 locations
               Stack size: 8

*
0000:  MOVLW  03
0001:  MOVWF  0A
0002:  GOTO   3DA
0003:  NOP
.................... #include<16F887.h> 
.................... //////////// Standard Header file for the PIC16F887 device //////////////// 
.................... /////////////////////////////////////////////////////////////////////////// 
.................... ////        (C) Copyright 1996, 2013 Custom Computer Services          //// 
.................... //// This source code may only be used by licensed users of the CCS C  //// 
.................... //// compiler.  This source code may only be distributed to other      //// 
.................... //// licensed users of the CCS C compiler.  No other use, reproduction //// 
.................... //// or distribution is permitted without written permission.          //// 
.................... //// Derivative programs created using this software in object code    //// 
.................... //// form are not restricted in any way.                               //// 
.................... /////////////////////////////////////////////////////////////////////////// 
.................... #device PIC16F887 
0004:  DATA 0C,29
0005:  DATA E5,30
0006:  DATA E4,3C
0007:  DATA 2E,17
0008:  DATA 2E,05
0009:  DATA 00,00
000A:  DATA 41,22
000B:  DATA C3,1E
000C:  DATA 25,26
000D:  DATA 75,00
000E:  DATA D6,30
000F:  DATA EC,37
0010:  DATA 72,10
0011:  DATA E4,32
0012:  DATA 6C,10
0013:  DATA 41,22
0014:  DATA 43,10
0015:  DATA 3D,10
0016:  DATA 25,26
0017:  DATA 75,05
0018:  DATA 0D,00
0019:  DATA 45,37
001A:  DATA 65,39
001B:  DATA 6F,00
001C:  DATA C5,39
001D:  DATA A0,32
001E:  DATA 6C,10
001F:  DATA ED,32
0020:  DATA 73,10
0021:  DATA E4,32
0022:  DATA A0,22
0023:  DATA CE,22
0024:  DATA D2,27
0025:  DATA 20,05
0026:  DATA 0D,00
0027:  DATA C6,32
0028:  DATA 62,39
0029:  DATA 65,39
002A:  DATA 6F,00
002B:  DATA C5,39
002C:  DATA A0,32
002D:  DATA 6C,10
002E:  DATA ED,32
002F:  DATA 73,10
0030:  DATA E4,32
0031:  DATA 20,23
0032:  DATA 45,21
0033:  DATA D2,22
0034:  DATA D2,27
0035:  DATA 20,05
0036:  DATA 0D,00
0037:  DATA CD,30
0038:  DATA 72,3D
0039:  DATA 6F,00
003A:  DATA C5,39
003B:  DATA A0,32
003C:  DATA 6C,10
003D:  DATA ED,32
003E:  DATA 73,10
003F:  DATA E4,32
0040:  DATA A0,26
0041:  DATA 41,29
0042:  DATA DA,27
0043:  DATA 20,05
0044:  DATA 0D,00
0045:  DATA 41,31
0046:  DATA F2,34
0047:  DATA 6C,00
0048:  DATA C5,39
0049:  DATA A0,32
004A:  DATA 6C,10
004B:  DATA ED,32
004C:  DATA 73,10
004D:  DATA E4,32
004E:  DATA A0,20
004F:  DATA 42,29
0050:  DATA 49,26
0051:  DATA 20,05
0052:  DATA 0D,00
0053:  DATA CD,30
0054:  DATA F9,37
0055:  DATA 00,01
0056:  DATA C5,39
0057:  DATA A0,32
0058:  DATA 6C,10
0059:  DATA ED,32
005A:  DATA 73,10
005B:  DATA E4,32
005C:  DATA A0,26
005D:  DATA C1,2C
005E:  DATA 4F,10
005F:  DATA 8A,06
0060:  DATA 00,01
0061:  DATA CA,3A
0062:  DATA EE,34
0063:  DATA 6F,00
0064:  DATA C5,39
0065:  DATA A0,32
0066:  DATA 6C,10
0067:  DATA ED,32
0068:  DATA 73,10
0069:  DATA E4,32
006A:  DATA 20,25
006B:  DATA 55,27
006C:  DATA C9,27
006D:  DATA 20,05
006E:  DATA 0D,00
006F:  DATA CA,3A
0070:  DATA EC,34
0071:  DATA 6F,00
0072:  DATA C5,39
0073:  DATA A0,32
0074:  DATA 6C,10
0075:  DATA ED,32
0076:  DATA 73,10
0077:  DATA E4,32
0078:  DATA 20,25
0079:  DATA 55,26
007A:  DATA C9,27
007B:  DATA 20,05
007C:  DATA 0D,00
007D:  DATA C1,33
007E:  DATA EF,39
007F:  DATA F4,37
0080:  DATA 00,01
0081:  DATA C5,39
0082:  DATA A0,32
0083:  DATA 6C,10
0084:  DATA ED,32
0085:  DATA 73,10
0086:  DATA E4,32
0087:  DATA A0,20
0088:  DATA C7,27
0089:  DATA 53,2A
008A:  DATA 4F,10
008B:  DATA 8A,06
008C:  DATA 00,01
008D:  DATA D3,32
008E:  DATA 70,3A
008F:  DATA E9,32
0090:  DATA 6D,31
0091:  DATA F2,32
0092:  DATA 00,01
0093:  DATA C5,39
0094:  DATA A0,32
0095:  DATA 6C,10
0096:  DATA ED,32
0097:  DATA 73,10
0098:  DATA E4,32
0099:  DATA A0,29
009A:  DATA 45,28
009B:  DATA D4,24
009C:  DATA C5,26
009D:  DATA 42,29
009E:  DATA 45,10
009F:  DATA 8A,06
00A0:  DATA 00,01
00A1:  DATA CF,31
00A2:  DATA F4,3A
00A3:  DATA 62,39
00A4:  DATA 65,00
00A5:  DATA C5,39
00A6:  DATA A0,32
00A7:  DATA 6C,10
00A8:  DATA ED,32
00A9:  DATA 73,10
00AA:  DATA E4,32
00AB:  DATA A0,27
00AC:  DATA 43,2A
00AD:  DATA 55,21
00AE:  DATA D2,22
00AF:  DATA 20,05
00B0:  DATA 0D,00
00B1:  DATA CE,37
00B2:  DATA F6,34
00B3:  DATA E5,36
00B4:  DATA 62,39
00B5:  DATA 65,00
00B6:  DATA C5,39
00B7:  DATA A0,32
00B8:  DATA 6C,10
00B9:  DATA ED,32
00BA:  DATA 73,10
00BB:  DATA E4,32
00BC:  DATA 20,27
00BD:  DATA 4F,2B
00BE:  DATA C9,22
00BF:  DATA 4D,21
00C0:  DATA D2,22
00C1:  DATA 20,05
00C2:  DATA 0D,00
00C3:  DATA C4,34
00C4:  DATA E3,34
00C5:  DATA E5,36
00C6:  DATA 62,39
00C7:  DATA 65,00
00C8:  DATA C5,39
00C9:  DATA A0,32
00CA:  DATA 6C,10
00CB:  DATA ED,32
00CC:  DATA 73,10
00CD:  DATA E4,32
00CE:  DATA 20,22
00CF:  DATA C9,21
00D0:  DATA C9,22
00D1:  DATA 4D,21
00D2:  DATA D2,22
00D3:  DATA 20,05
00D4:  DATA 0D,00
*
01B8:  MOVF   0B,W
01B9:  MOVWF  23
01BA:  BCF    0B.7
01BB:  BSF    03.5
01BC:  BSF    03.6
01BD:  BSF    0C.7
01BE:  BSF    0C.0
01BF:  NOP
01C0:  NOP
01C1:  BCF    03.5
01C2:  BCF    03.6
01C3:  BTFSC  23.7
01C4:  BSF    0B.7
01C5:  BSF    03.6
01C6:  MOVF   0C,W
01C7:  ANDLW  7F
01C8:  BTFSC  03.2
01C9:  GOTO   20C
01CA:  BCF    03.6
01CB:  MOVWF  23
01CC:  BSF    03.6
01CD:  MOVF   0D,W
01CE:  BCF    03.6
01CF:  MOVWF  24
01D0:  BSF    03.6
01D1:  MOVF   0F,W
01D2:  BCF    03.6
01D3:  MOVWF  25
01D4:  MOVF   23,W
01D5:  MOVWF  2C
01D6:  CALL   18C
01D7:  MOVF   24,W
01D8:  BSF    03.6
01D9:  MOVWF  0D
01DA:  BCF    03.6
01DB:  MOVF   25,W
01DC:  BSF    03.6
01DD:  MOVWF  0F
01DE:  BCF    03.6
01DF:  MOVF   0B,W
01E0:  MOVWF  26
01E1:  BCF    0B.7
01E2:  BSF    03.5
01E3:  BSF    03.6
01E4:  BSF    0C.7
01E5:  BSF    0C.0
01E6:  NOP
01E7:  NOP
01E8:  BCF    03.5
01E9:  BCF    03.6
01EA:  BTFSC  26.7
01EB:  BSF    0B.7
01EC:  BSF    03.6
01ED:  RLF    0C,W
01EE:  RLF    0E,W
01EF:  ANDLW  7F
01F0:  BTFSC  03.2
01F1:  GOTO   20C
01F2:  BCF    03.6
01F3:  MOVWF  23
01F4:  BSF    03.6
01F5:  MOVF   0D,W
01F6:  BCF    03.6
01F7:  MOVWF  24
01F8:  BSF    03.6
01F9:  MOVF   0F,W
01FA:  BCF    03.6
01FB:  MOVWF  25
01FC:  MOVF   23,W
01FD:  MOVWF  2C
01FE:  CALL   18C
01FF:  MOVF   24,W
0200:  BSF    03.6
0201:  MOVWF  0D
0202:  BCF    03.6
0203:  MOVF   25,W
0204:  BSF    03.6
0205:  MOVWF  0F
0206:  INCF   0D,F
0207:  BTFSC  03.2
0208:  INCF   0F,F
0209:  BCF    03.6
020A:  GOTO   1B8
020B:  BSF    03.6
020C:  BCF    03.6
020D:  RETURN
020E:  MOVF   0B,W
020F:  MOVWF  24
0210:  BCF    0B.7
0211:  BSF    03.5
0212:  BSF    03.6
0213:  BSF    0C.7
0214:  BSF    0C.0
0215:  NOP
0216:  NOP
0217:  BCF    03.5
0218:  BCF    03.6
0219:  BTFSC  24.7
021A:  BSF    0B.7
021B:  BTFSC  03.0
021C:  GOTO   245
021D:  BSF    03.6
021E:  MOVF   0C,W
021F:  ANDLW  7F
0220:  BCF    03.6
0221:  MOVWF  24
0222:  BSF    03.6
0223:  MOVF   0D,W
0224:  BCF    03.6
0225:  MOVWF  25
0226:  BSF    03.6
0227:  MOVF   0F,W
0228:  BCF    03.6
0229:  MOVWF  26
022A:  MOVF   24,W
022B:  MOVWF  2C
022C:  CALL   18C
022D:  MOVF   25,W
022E:  BSF    03.6
022F:  MOVWF  0D
0230:  BCF    03.6
0231:  MOVF   26,W
0232:  BSF    03.6
0233:  MOVWF  0F
0234:  BCF    03.6
0235:  MOVF   0B,W
0236:  MOVWF  27
0237:  BCF    0B.7
0238:  BSF    03.5
0239:  BSF    03.6
023A:  BSF    0C.7
023B:  BSF    0C.0
023C:  NOP
023D:  NOP
023E:  BCF    03.5
023F:  BCF    03.6
0240:  BTFSC  27.7
0241:  BSF    0B.7
0242:  DECFSZ 23,F
0243:  GOTO   245
0244:  GOTO   264
0245:  BSF    03.6
0246:  RLF    0C,W
0247:  RLF    0E,W
0248:  ANDLW  7F
0249:  BCF    03.6
024A:  MOVWF  24
024B:  BSF    03.6
024C:  MOVF   0D,W
024D:  BCF    03.6
024E:  MOVWF  25
024F:  BSF    03.6
0250:  MOVF   0F,W
0251:  BCF    03.6
0252:  MOVWF  26
0253:  MOVF   24,W
0254:  MOVWF  2C
0255:  CALL   18C
0256:  MOVF   25,W
0257:  BSF    03.6
0258:  MOVWF  0D
0259:  BCF    03.6
025A:  MOVF   26,W
025B:  BSF    03.6
025C:  MOVWF  0F
025D:  INCF   0D,F
025E:  BTFSC  03.2
025F:  INCF   0F,F
0260:  BCF    03.0
0261:  BCF    03.6
0262:  DECFSZ 23,F
0263:  GOTO   20E
0264:  BCF    0A.3
0265:  BCF    0A.4
0266:  GOTO   444 (RETURN)
0267:  CLRF   2B
0268:  MOVF   04,W
0269:  MOVWF  2A
026A:  BCF    2B.0
026B:  BTFSC  03.7
026C:  BSF    2B.0
026D:  SWAPF  24,W
026E:  IORLW  F0
026F:  MOVWF  26
0270:  ADDWF  26,F
0271:  ADDLW  E2
0272:  MOVWF  27
0273:  ADDLW  32
0274:  MOVWF  29
0275:  MOVF   24,W
0276:  ANDLW  0F
0277:  ADDWF  27,F
0278:  ADDWF  27,F
0279:  ADDWF  29,F
027A:  ADDLW  E9
027B:  MOVWF  28
027C:  ADDWF  28,F
027D:  ADDWF  28,F
027E:  SWAPF  23,W
027F:  ANDLW  0F
0280:  ADDWF  28,F
0281:  ADDWF  29,F
0282:  RLF    28,F
0283:  RLF    29,F
0284:  COMF   29,F
0285:  RLF    29,F
0286:  MOVF   23,W
0287:  ANDLW  0F
0288:  ADDWF  29,F
0289:  RLF    26,F
028A:  MOVLW  07
028B:  MOVWF  25
028C:  MOVLW  0A
028D:  ADDWF  29,F
028E:  DECF   28,F
028F:  BTFSS  03.0
0290:  GOTO   28D
0291:  ADDWF  28,F
0292:  DECF   27,F
0293:  BTFSS  03.0
0294:  GOTO   291
0295:  ADDWF  27,F
0296:  DECF   26,F
0297:  BTFSS  03.0
0298:  GOTO   295
0299:  ADDWF  26,F
029A:  DECF   25,F
029B:  BTFSS  03.0
029C:  GOTO   299
029D:  MOVLW  25
029E:  MOVWF  04
029F:  BCF    03.7
02A0:  MOVLW  07
02A1:  ANDWF  2A,W
02A2:  BCF    2A.6
02A3:  ADDWF  04,F
02A4:  MOVLW  29
02A5:  SUBWF  04,W
02A6:  BTFSC  03.2
02A7:  BSF    2A.6
02A8:  MOVF   00,W
02A9:  MOVWF  77
02AA:  BTFSS  03.2
02AB:  GOTO   2B4
02AC:  BTFSC  2A.6
02AD:  GOTO   2B4
02AE:  BTFSC  2A.4
02AF:  GOTO   2C6
02B0:  BTFSC  2A.3
02B1:  GOTO   2B4
02B2:  MOVLW  20
02B3:  GOTO   2B7
02B4:  BSF    2A.3
02B5:  BCF    2A.4
02B6:  MOVLW  30
02B7:  ADDWF  77,F
02B8:  CLRF   24
02B9:  MOVF   04,W
02BA:  MOVWF  23
02BB:  BCF    24.0
02BC:  BTFSC  03.7
02BD:  BSF    24.0
02BE:  MOVF   77,W
02BF:  MOVWF  2C
02C0:  CALL   18C
02C1:  MOVF   23,W
02C2:  MOVWF  04
02C3:  BCF    03.7
02C4:  BTFSC  24.0
02C5:  BSF    03.7
02C6:  INCF   04,F
02C7:  BTFSS  2A.6
02C8:  GOTO   2A4
02C9:  BCF    0A.3
02CA:  BCF    0A.4
02CB:  GOTO   44B (RETURN)
02CC:  MOVF   0B,W
02CD:  MOVWF  24
02CE:  BCF    0B.7
02CF:  BSF    03.5
02D0:  BSF    03.6
02D1:  BSF    0C.7
02D2:  BSF    0C.0
02D3:  NOP
02D4:  NOP
02D5:  BCF    03.5
02D6:  BCF    03.6
02D7:  BTFSC  24.7
02D8:  BSF    0B.7
02D9:  BTFSC  03.0
02DA:  GOTO   304
02DB:  BSF    03.6
02DC:  MOVF   0C,W
02DD:  ANDLW  7F
02DE:  BCF    03.6
02DF:  MOVWF  24
02E0:  BSF    03.6
02E1:  MOVF   0D,W
02E2:  BCF    03.6
02E3:  MOVWF  25
02E4:  BSF    03.6
02E5:  MOVF   0F,W
02E6:  BCF    03.6
02E7:  MOVWF  26
02E8:  MOVF   24,W
02E9:  BTFSS  0C.4
02EA:  GOTO   2E9
02EB:  MOVWF  19
02EC:  MOVF   25,W
02ED:  BSF    03.6
02EE:  MOVWF  0D
02EF:  BCF    03.6
02F0:  MOVF   26,W
02F1:  BSF    03.6
02F2:  MOVWF  0F
02F3:  BCF    03.6
02F4:  MOVF   0B,W
02F5:  MOVWF  27
02F6:  BCF    0B.7
02F7:  BSF    03.5
02F8:  BSF    03.6
02F9:  BSF    0C.7
02FA:  BSF    0C.0
02FB:  NOP
02FC:  NOP
02FD:  BCF    03.5
02FE:  BCF    03.6
02FF:  BTFSC  27.7
0300:  BSF    0B.7
0301:  DECFSZ 23,F
0302:  GOTO   304
0303:  GOTO   324
0304:  BSF    03.6
0305:  RLF    0C,W
0306:  RLF    0E,W
0307:  ANDLW  7F
0308:  BCF    03.6
0309:  MOVWF  24
030A:  BSF    03.6
030B:  MOVF   0D,W
030C:  BCF    03.6
030D:  MOVWF  25
030E:  BSF    03.6
030F:  MOVF   0F,W
0310:  BCF    03.6
0311:  MOVWF  26
0312:  MOVF   24,W
0313:  BTFSS  0C.4
0314:  GOTO   313
0315:  MOVWF  19
0316:  MOVF   25,W
0317:  BSF    03.6
0318:  MOVWF  0D
0319:  BCF    03.6
031A:  MOVF   26,W
031B:  BSF    03.6
031C:  MOVWF  0F
031D:  INCF   0D,F
031E:  BTFSC  03.2
031F:  INCF   0F,F
0320:  BCF    03.0
0321:  BCF    03.6
0322:  DECFSZ 23,F
0323:  GOTO   2CC
0324:  BCF    0A.3
0325:  BCF    0A.4
0326:  GOTO   455 (RETURN)
0327:  CLRF   2B
0328:  MOVF   04,W
0329:  MOVWF  2A
032A:  BCF    2B.0
032B:  BTFSC  03.7
032C:  BSF    2B.0
032D:  SWAPF  24,W
032E:  IORLW  F0
032F:  MOVWF  26
0330:  ADDWF  26,F
0331:  ADDLW  E2
0332:  MOVWF  27
0333:  ADDLW  32
0334:  MOVWF  29
0335:  MOVF   24,W
0336:  ANDLW  0F
0337:  ADDWF  27,F
0338:  ADDWF  27,F
0339:  ADDWF  29,F
033A:  ADDLW  E9
033B:  MOVWF  28
033C:  ADDWF  28,F
033D:  ADDWF  28,F
033E:  SWAPF  23,W
033F:  ANDLW  0F
0340:  ADDWF  28,F
0341:  ADDWF  29,F
0342:  RLF    28,F
0343:  RLF    29,F
0344:  COMF   29,F
0345:  RLF    29,F
0346:  MOVF   23,W
0347:  ANDLW  0F
0348:  ADDWF  29,F
0349:  RLF    26,F
034A:  MOVLW  07
034B:  MOVWF  25
034C:  MOVLW  0A
034D:  ADDWF  29,F
034E:  DECF   28,F
034F:  BTFSS  03.0
0350:  GOTO   34D
0351:  ADDWF  28,F
0352:  DECF   27,F
0353:  BTFSS  03.0
0354:  GOTO   351
0355:  ADDWF  27,F
0356:  DECF   26,F
0357:  BTFSS  03.0
0358:  GOTO   355
0359:  ADDWF  26,F
035A:  DECF   25,F
035B:  BTFSS  03.0
035C:  GOTO   359
035D:  MOVLW  25
035E:  MOVWF  04
035F:  BCF    03.7
0360:  MOVLW  07
0361:  ANDWF  2A,W
0362:  BCF    2A.6
0363:  ADDWF  04,F
0364:  MOVLW  29
0365:  SUBWF  04,W
0366:  BTFSC  03.2
0367:  BSF    2A.6
0368:  MOVF   00,W
0369:  MOVWF  77
036A:  BTFSS  03.2
036B:  GOTO   374
036C:  BTFSC  2A.6
036D:  GOTO   374
036E:  BTFSC  2A.4
036F:  GOTO   37C
0370:  BTFSC  2A.3
0371:  GOTO   374
0372:  MOVLW  20
0373:  GOTO   377
0374:  BSF    2A.3
0375:  BCF    2A.4
0376:  MOVLW  30
0377:  ADDWF  77,F
0378:  MOVF   77,W
0379:  BTFSS  0C.4
037A:  GOTO   379
037B:  MOVWF  19
037C:  INCF   04,F
037D:  BTFSS  2A.6
037E:  GOTO   364
037F:  BCF    0A.3
0380:  BCF    0A.4
0381:  GOTO   45C (RETURN)
0382:  MOVF   0B,W
0383:  MOVWF  23
0384:  BCF    0B.7
0385:  BSF    03.5
0386:  BSF    03.6
0387:  BSF    0C.7
0388:  BSF    0C.0
0389:  NOP
038A:  NOP
038B:  BCF    03.5
038C:  BCF    03.6
038D:  BTFSC  23.7
038E:  BSF    0B.7
038F:  BSF    03.6
0390:  MOVF   0C,W
0391:  ANDLW  7F
0392:  BTFSC  03.2
0393:  GOTO   3D8
0394:  BCF    03.6
0395:  MOVWF  23
0396:  BSF    03.6
0397:  MOVF   0D,W
0398:  BCF    03.6
0399:  MOVWF  24
039A:  BSF    03.6
039B:  MOVF   0F,W
039C:  BCF    03.6
039D:  MOVWF  25
039E:  MOVF   23,W
039F:  BTFSS  0C.4
03A0:  GOTO   39F
03A1:  MOVWF  19
03A2:  MOVF   24,W
03A3:  BSF    03.6
03A4:  MOVWF  0D
03A5:  BCF    03.6
03A6:  MOVF   25,W
03A7:  BSF    03.6
03A8:  MOVWF  0F
03A9:  BCF    03.6
03AA:  MOVF   0B,W
03AB:  MOVWF  26
03AC:  BCF    0B.7
03AD:  BSF    03.5
03AE:  BSF    03.6
03AF:  BSF    0C.7
03B0:  BSF    0C.0
03B1:  NOP
03B2:  NOP
03B3:  BCF    03.5
03B4:  BCF    03.6
03B5:  BTFSC  26.7
03B6:  BSF    0B.7
03B7:  BSF    03.6
03B8:  RLF    0C,W
03B9:  RLF    0E,W
03BA:  ANDLW  7F
03BB:  BTFSC  03.2
03BC:  GOTO   3D8
03BD:  BCF    03.6
03BE:  MOVWF  23
03BF:  BSF    03.6
03C0:  MOVF   0D,W
03C1:  BCF    03.6
03C2:  MOVWF  24
03C3:  BSF    03.6
03C4:  MOVF   0F,W
03C5:  BCF    03.6
03C6:  MOVWF  25
03C7:  MOVF   23,W
03C8:  BTFSS  0C.4
03C9:  GOTO   3C8
03CA:  MOVWF  19
03CB:  MOVF   24,W
03CC:  BSF    03.6
03CD:  MOVWF  0D
03CE:  BCF    03.6
03CF:  MOVF   25,W
03D0:  BSF    03.6
03D1:  MOVWF  0F
03D2:  INCF   0D,F
03D3:  BTFSC  03.2
03D4:  INCF   0F,F
03D5:  BCF    03.6
03D6:  GOTO   382
03D7:  BSF    03.6
03D8:  BCF    03.6
03D9:  RETURN
....................  
.................... #list 
....................  
.................... #device ADC = 10//tamaño de bits de resolucion 
.................... #fuses INTRC_IO, NOWDT, PROTECT, NOLVP, MCLR, NOLVP, NOBROWNOUT 
.................... #use delay(INTERNAL=4000000) 
*
00D5:  MOVLW  2D
00D6:  MOVWF  04
00D7:  BCF    03.7
00D8:  MOVF   00,W
00D9:  BTFSC  03.2
00DA:  GOTO   0E9
00DB:  MOVLW  01
00DC:  MOVWF  78
00DD:  CLRF   77
00DE:  DECFSZ 77,F
00DF:  GOTO   0DE
00E0:  DECFSZ 78,F
00E1:  GOTO   0DD
00E2:  MOVLW  4A
00E3:  MOVWF  77
00E4:  DECFSZ 77,F
00E5:  GOTO   0E4
00E6:  GOTO   0E7
00E7:  DECFSZ 00,F
00E8:  GOTO   0DB
00E9:  RETURN
.................... // se inicializa el puerto serie en el microcontrolador 
.................... #use RS232(baud = 9600, xmit = PIN_C6, rcv = PIN_C7, timeout = 100)  
.................... //argumentos PS(ancho de banda (Tx bits/s), pin Tx, pin Rx, tiempo de respuesta) 
....................   
.................... // se define el puerto D completo para la conexion al LCD 
.................... #define LCD_DATA_PORT getenv("SFR:PORTD") 
.................... // se define el uso de la biblioteca para manipular LCD 
.................... #include <lcd.c> 
.................... /////////////////////////////////////////////////////////////////////////////// 
.................... ////                             LCD.C                                     //// 
.................... ////                 Driver for common LCD modules                         //// 
.................... ////                                                                       //// 
.................... ////  lcd_init()   Must be called before any other function.               //// 
.................... ////                                                                       //// 
.................... ////  lcd_putc(c)  Will display c on the next position of the LCD.         //// 
.................... ////                 \a  Set cursor position to upper left                 //// 
.................... ////                 \f  Clear display, set cursor to upper left           //// 
.................... ////                 \n  Go to start of second line                        //// 
.................... ////                 \b  Move back one position                            //// 
.................... ////              If LCD_EXTENDED_NEWLINE is defined, the \n character     //// 
.................... ////              will erase all remanining characters on the current      //// 
.................... ////              line, and move the cursor to the beginning of the next   //// 
.................... ////              line.                                                    //// 
.................... ////              If LCD_EXTENDED_NEWLINE is defined, the \r character     //// 
.................... ////              will move the cursor to the start of the current         //// 
.................... ////              line.                                                    //// 
.................... ////                                                                       //// 
.................... ////  lcd_gotoxy(x,y) Set write position on LCD (upper left is 1,1)        //// 
.................... ////                                                                       //// 
.................... ////  lcd_getc(x,y)   Returns character at position x,y on LCD             //// 
.................... ////                                                                       //// 
.................... ////  lcd_cursor_on(int1 on)   Turn the cursor on (on=TRUE) or off         //// 
.................... ////              (on=FALSE).                                              //// 
.................... ////                                                                       //// 
.................... ////  lcd_set_cgram_char(w, *p)   Write a custom character to the CGRAM.   //// 
.................... ////                                                                       //// 
.................... ////                                                                       //// 
.................... ////  CONFIGURATION                                                        //// 
.................... ////  The LCD can be configured in one of two ways: a.) port access or     //// 
.................... ////  b.) pin access.  Port access requires the entire 7 bit interface     //// 
.................... ////  connected to one GPIO port, and the data bits (D4:D7 of the LCD)     //// 
.................... ////  connected to sequential pins on the GPIO.  Pin access                //// 
.................... ////  has no requirements, all 7 bits of the control interface can         //// 
.................... ////  can be connected to any GPIO using several ports.                    //// 
.................... ////                                                                       //// 
.................... ////  To use port access, #define LCD_DATA_PORT to the SFR location of     //// 
.................... ////  of the GPIO port that holds the interface, -AND- edit LCD_PIN_MAP    //// 
.................... ////  of this file to configure the pin order.  If you are using a         //// 
.................... ////  baseline PIC (PCB), then LCD_OUTPUT_MAP and LCD_INPUT_MAP also must  //// 
.................... ////  be defined.                                                          //// 
.................... ////                                                                       //// 
.................... ////  Example of port access:                                              //// 
.................... ////     #define LCD_DATA_PORT getenv("SFR:PORTD")                         //// 
.................... ////                                                                       //// 
.................... ////  To use pin access, the following pins must be defined:               //// 
.................... ////     LCD_ENABLE_PIN                                                    //// 
.................... ////     LCD_RS_PIN                                                        //// 
.................... ////     LCD_RW_PIN                                                        //// 
.................... ////     LCD_DATA4                                                         //// 
.................... ////     LCD_DATA5                                                         //// 
.................... ////     LCD_DATA6                                                         //// 
.................... ////     LCD_DATA7                                                         //// 
.................... ////                                                                       //// 
.................... ////  Example of pin access:                                               //// 
.................... ////     #define LCD_ENABLE_PIN  PIN_E0                                    //// 
.................... ////     #define LCD_RS_PIN      PIN_E1                                    //// 
.................... ////     #define LCD_RW_PIN      PIN_E2                                    //// 
.................... ////     #define LCD_DATA4       PIN_D4                                    //// 
.................... ////     #define LCD_DATA5       PIN_D5                                    //// 
.................... ////     #define LCD_DATA6       PIN_D6                                    //// 
.................... ////     #define LCD_DATA7       PIN_D7                                    //// 
.................... ////                                                                       //// 
.................... /////////////////////////////////////////////////////////////////////////////// 
.................... ////        (C) Copyright 1996,2010 Custom Computer Services           //// 
.................... //// This source code may only be used by licensed users of the CCS C  //// 
.................... //// compiler.  This source code may only be distributed to other      //// 
.................... //// licensed users of the CCS C compiler.  No other use, reproduction //// 
.................... //// or distribution is permitted without written permission.          //// 
.................... //// Derivative programs created using this software in object code    //// 
.................... //// form are not restricted in any way.                               //// 
.................... /////////////////////////////////////////////////////////////////////////// 
....................  
.................... #ifndef __LCD_C__ 
.................... #define __LCD_C__ 
....................  
.................... // define the pinout. 
.................... // only required if port access is being used. 
.................... typedef struct   
.................... {                            // This structure is overlayed 
....................    int1 enable;           // on to an I/O port to gain 
....................    int1 rs;               // access to the LCD pins. 
....................    int1 rw;               // The bits are allocated from 
....................    int1 unused;           // low order up.  ENABLE will 
....................    unsigned int     data : 4;         // be LSB pin of that port. 
....................   #if defined(__PCD__)       // The port used will be LCD_DATA_PORT. 
....................    unsigned int    reserved: 8; 
....................   #endif 
.................... } LCD_PIN_MAP; 
....................  
.................... // this is to improve compatability with previous LCD drivers that accepted 
.................... // a define labeled 'use_portb_lcd' that configured the LCD onto port B. 
.................... #if ((defined(use_portb_lcd)) && (use_portb_lcd==TRUE)) 
....................  #define LCD_DATA_PORT getenv("SFR:PORTB") 
.................... #endif 
....................  
.................... #if defined(__PCB__) 
....................    // these definitions only need to be modified for baseline PICs. 
....................    // all other PICs use LCD_PIN_MAP or individual LCD_xxx pin definitions. 
.................... /*                                    EN, RS,   RW,   UNUSED,  DATA  */ 
....................  const LCD_PIN_MAP LCD_OUTPUT_MAP =  {0,  0,    0,    0,       0}; 
....................  const LCD_PIN_MAP LCD_INPUT_MAP =   {0,  0,    0,    0,       0xF}; 
.................... #endif 
....................  
.................... ////////////////////// END CONFIGURATION /////////////////////////////////// 
....................  
.................... #ifndef LCD_ENABLE_PIN 
....................    #define lcd_output_enable(x) lcdlat.enable=x 
....................    #define lcd_enable_tris()   lcdtris.enable=0 
.................... #else 
....................    #define lcd_output_enable(x) output_bit(LCD_ENABLE_PIN, x) 
....................    #define lcd_enable_tris()  output_drive(LCD_ENABLE_PIN) 
.................... #endif 
....................  
.................... #ifndef LCD_RS_PIN 
....................    #define lcd_output_rs(x) lcdlat.rs=x 
....................    #define lcd_rs_tris()   lcdtris.rs=0 
.................... #else 
....................    #define lcd_output_rs(x) output_bit(LCD_RS_PIN, x) 
....................    #define lcd_rs_tris()  output_drive(LCD_RS_PIN) 
.................... #endif 
....................  
.................... #ifndef LCD_RW_PIN 
....................    #define lcd_output_rw(x) lcdlat.rw=x 
....................    #define lcd_rw_tris()   lcdtris.rw=0 
.................... #else 
....................    #define lcd_output_rw(x) output_bit(LCD_RW_PIN, x) 
....................    #define lcd_rw_tris()  output_drive(LCD_RW_PIN) 
.................... #endif 
....................  
.................... // original version of this library incorrectly labeled LCD_DATA0 as LCD_DATA4, 
.................... // LCD_DATA1 as LCD_DATA5, and so on.  this block of code makes the driver 
.................... // compatible with any code written for the original library 
.................... #if (defined(LCD_DATA0) && defined(LCD_DATA1) && defined(LCD_DATA2) && defined(LCD_DATA3) && !defined(LCD_DATA4) && !defined(LCD_DATA5) && !defined(LCD_DATA6) && !defined(LCD_DATA7)) 
....................    #define  LCD_DATA4    LCD_DATA0 
....................    #define  LCD_DATA5    LCD_DATA1 
....................    #define  LCD_DATA6    LCD_DATA2 
....................    #define  LCD_DATA7    LCD_DATA3 
.................... #endif 
....................  
.................... #ifndef LCD_DATA4 
.................... #ifndef LCD_DATA_PORT 
....................    #if defined(__PCB__) 
....................       #define LCD_DATA_PORT      0x06     //portb 
....................       #define set_tris_lcd(x)   set_tris_b(x) 
....................    #else 
....................      #if defined(PIN_D0) 
....................       #define LCD_DATA_PORT      getenv("SFR:PORTD")     //portd 
....................      #else 
....................       #define LCD_DATA_PORT      getenv("SFR:PORTB")     //portb 
....................      #endif 
....................    #endif    
.................... #endif 
....................  
.................... #if defined(__PCB__) 
....................    LCD_PIN_MAP lcd, lcdlat; 
....................    #byte lcd = LCD_DATA_PORT 
....................    #byte lcdlat = LCD_DATA_PORT 
.................... #elif defined(__PCM__) 
....................    LCD_PIN_MAP lcd, lcdlat, lcdtris; 
....................    #byte lcd = LCD_DATA_PORT 
....................    #byte lcdlat = LCD_DATA_PORT 
....................    #byte lcdtris = LCD_DATA_PORT+0x80 
.................... #elif defined(__PCH__) 
....................    LCD_PIN_MAP lcd, lcdlat, lcdtris; 
....................    #byte lcd = LCD_DATA_PORT 
....................    #byte lcdlat = LCD_DATA_PORT+9 
....................    #byte lcdtris = LCD_DATA_PORT+0x12 
.................... #elif defined(__PCD__) 
....................    LCD_PIN_MAP lcd, lcdlat, lcdtris; 
....................    #word lcd = LCD_DATA_PORT 
....................    #word lcdlat = LCD_DATA_PORT+2 
....................    #word lcdtris = LCD_DATA_PORT-0x02 
.................... #endif 
.................... #endif   //LCD_DATA4 not defined 
....................  
.................... #ifndef LCD_TYPE 
....................    #define LCD_TYPE 2           // 0=5x7, 1=5x10, 2=2 lines 
.................... #endif 
....................  
.................... #ifndef LCD_LINE_TWO 
....................    #define LCD_LINE_TWO 0x40    // LCD RAM address for the second line 
.................... #endif 
....................  
.................... #ifndef LCD_LINE_LENGTH 
....................    #define LCD_LINE_LENGTH 20 
.................... #endif 
....................  
.................... unsigned int8 lcd_read_nibble(void); 
....................  
.................... unsigned int8 lcd_read_byte(void) 
.................... { 
....................    unsigned int8 low,high; 
....................  
....................  #if defined(__PCB__) 
....................    set_tris_lcd(LCD_INPUT_MAP); 
....................  #else 
....................   #if (defined(LCD_DATA4) && defined(LCD_DATA5) && defined(LCD_DATA6) && defined(LCD_DATA7)) 
....................    output_float(LCD_DATA4); 
....................    output_float(LCD_DATA5); 
....................    output_float(LCD_DATA6); 
....................    output_float(LCD_DATA7); 
....................   #else 
....................    lcdtris.data = 0xF; 
*
0102:  MOVLW  0F
0103:  BSF    03.5
0104:  ANDWF  08,W
0105:  IORLW  F0
0106:  MOVWF  08
....................   #endif 
....................  #endif 
....................          
....................    lcd_output_rw(1); 
0107:  BCF    03.5
0108:  BSF    08.2
....................    delay_cycles(1); 
0109:  NOP
....................    lcd_output_enable(1); 
010A:  BSF    08.0
....................    delay_cycles(1); 
010B:  NOP
....................    high = lcd_read_nibble(); 
010C:  CALL   0F6
010D:  MOVF   78,W
010E:  MOVWF  34
....................        
....................    lcd_output_enable(0); 
010F:  BCF    08.0
....................    delay_cycles(1); 
0110:  NOP
....................    lcd_output_enable(1); 
0111:  BSF    08.0
....................    delay_us(1); 
0112:  NOP
....................    low = lcd_read_nibble(); 
0113:  CALL   0F6
0114:  MOVF   78,W
0115:  MOVWF  33
....................        
....................    lcd_output_enable(0); 
0116:  BCF    08.0
....................  
....................  #if defined(__PCB__) 
....................    set_tris_lcd(LCD_OUTPUT_MAP); 
....................  #else 
....................   #if (defined(LCD_DATA4) && defined(LCD_DATA5) && defined(LCD_DATA6) && defined(LCD_DATA7)) 
....................    output_drive(LCD_DATA4); 
....................    output_drive(LCD_DATA5); 
....................    output_drive(LCD_DATA6); 
....................    output_drive(LCD_DATA7); 
....................   #else 
....................    lcdtris.data = 0x0; 
0117:  MOVLW  0F
0118:  BSF    03.5
0119:  ANDWF  08,W
011A:  MOVWF  08
....................   #endif 
....................  #endif 
....................  
....................    return( (high<<4) | low); 
011B:  BCF    03.5
011C:  SWAPF  34,W
011D:  MOVWF  77
011E:  MOVLW  F0
011F:  ANDWF  77,F
0120:  MOVF   77,W
0121:  IORWF  33,W
0122:  MOVWF  78
.................... } 
....................  
.................... unsigned int8 lcd_read_nibble(void) 
.................... { 
....................   #if (defined(LCD_DATA4) && defined(LCD_DATA5) && defined(LCD_DATA6) && defined(LCD_DATA7)) 
....................    unsigned int8 n = 0x00; 
....................  
....................    /* Read the data port */ 
....................    n |= input(LCD_DATA4); 
....................    n |= input(LCD_DATA5) << 1; 
....................    n |= input(LCD_DATA6) << 2; 
....................    n |= input(LCD_DATA7) << 3; 
....................     
....................    return(n); 
....................   #else 
....................    return(lcd.data); 
*
00F6:  MOVF   08,W
00F7:  MOVWF  77
00F8:  SWAPF  08,W
00F9:  ANDLW  0F
00FA:  MOVWF  78
....................   #endif 
00FB:  RETURN
.................... } 
....................  
.................... void lcd_send_nibble(unsigned int8 n) 
.................... { 
....................   #if (defined(LCD_DATA4) && defined(LCD_DATA5) && defined(LCD_DATA6) && defined(LCD_DATA7)) 
....................    /* Write to the data port */ 
....................    output_bit(LCD_DATA4, bit_test(n, 0)); 
....................    output_bit(LCD_DATA5, bit_test(n, 1)); 
....................    output_bit(LCD_DATA6, bit_test(n, 2)); 
....................    output_bit(LCD_DATA7, bit_test(n, 3)); 
....................   #else       
....................    lcdlat.data = n; 
*
00EA:  SWAPF  34,W
00EB:  ANDLW  F0
00EC:  MOVWF  77
00ED:  MOVLW  0F
00EE:  ANDWF  08,W
00EF:  IORWF  77,W
00F0:  MOVWF  08
....................   #endif 
....................        
....................    delay_cycles(1); 
00F1:  NOP
....................    lcd_output_enable(1); 
00F2:  BSF    08.0
....................    delay_us(2); 
00F3:  GOTO   0F4
....................    lcd_output_enable(0); 
00F4:  BCF    08.0
00F5:  RETURN
.................... } 
....................  
.................... void lcd_send_byte(unsigned int8 address, unsigned int8 n) 
.................... { 
....................   #if defined(__PCB__) 
....................    set_tris_lcd(LCD_OUTPUT_MAP); 
....................   #else 
....................    lcd_enable_tris(); 
*
00FC:  BSF    03.5
00FD:  BCF    08.0
....................    lcd_rs_tris(); 
00FE:  BCF    08.1
....................    lcd_rw_tris(); 
00FF:  BCF    08.2
....................   #endif 
....................  
....................    lcd_output_rs(0); 
0100:  BCF    03.5
0101:  BCF    08.1
....................    while ( bit_test(lcd_read_byte(),7) ) ; 
*
0123:  MOVF   78,W
0124:  MOVWF  33
0125:  BTFSC  33.7
0126:  GOTO   102
....................    lcd_output_rs(address); 
0127:  BTFSS  31.0
0128:  BCF    08.1
0129:  BTFSC  31.0
012A:  BSF    08.1
....................    delay_cycles(1); 
012B:  NOP
....................    lcd_output_rw(0); 
012C:  BCF    08.2
....................    delay_cycles(1); 
012D:  NOP
....................    lcd_output_enable(0); 
012E:  BCF    08.0
....................    lcd_send_nibble(n >> 4); 
012F:  SWAPF  32,W
0130:  MOVWF  33
0131:  MOVLW  0F
0132:  ANDWF  33,F
0133:  MOVF   33,W
0134:  MOVWF  34
0135:  CALL   0EA
....................    lcd_send_nibble(n & 0xf); 
0136:  MOVF   32,W
0137:  ANDLW  0F
0138:  MOVWF  33
0139:  MOVWF  34
013A:  CALL   0EA
013B:  RETURN
.................... } 
....................  
.................... #if defined(LCD_EXTENDED_NEWLINE) 
.................... unsigned int8 g_LcdX, g_LcdY; 
.................... #endif 
....................  
.................... void lcd_init(void)  
.................... { 
....................    unsigned int8 i; 
....................    unsigned int8 LCD_INIT_STRING[4] = {0x20 | (LCD_TYPE << 2), 0xc, 1, 6}; 
013C:  MOVLW  28
013D:  MOVWF  24
013E:  MOVLW  0C
013F:  MOVWF  25
0140:  MOVLW  01
0141:  MOVWF  26
0142:  MOVLW  06
0143:  MOVWF  27
....................                              // These bytes need to be sent to the LCD 
....................                              // to start it up. 
....................     
....................  
....................    lcd_output_enable(0); 
0144:  BCF    08.0
....................    lcd_output_rs(0); 
0145:  BCF    08.1
....................    lcd_output_rw(0); 
0146:  BCF    08.2
....................  
....................  #if defined(__PCB__) 
....................    set_tris_lcd(LCD_OUTPUT_MAP); 
....................  #else 
....................   #if (defined(LCD_DATA4) && defined(LCD_DATA5) && defined(LCD_DATA6) && defined(LCD_DATA7)) 
....................    output_drive(LCD_DATA4); 
....................    output_drive(LCD_DATA5); 
....................    output_drive(LCD_DATA6); 
....................    output_drive(LCD_DATA7); 
....................   #else 
....................    lcdtris.data = 0x0; 
0147:  MOVLW  0F
0148:  BSF    03.5
0149:  ANDWF  08,W
014A:  MOVWF  08
....................   #endif 
....................    lcd_enable_tris(); 
014B:  BCF    08.0
....................    lcd_rs_tris(); 
014C:  BCF    08.1
....................    lcd_rw_tris(); 
014D:  BCF    08.2
....................  #endif 
....................      
....................    delay_ms(15); 
014E:  MOVLW  0F
014F:  BCF    03.5
0150:  MOVWF  2D
0151:  CALL   0D5
....................    for(i=1;i<=3;++i) 
0152:  MOVLW  01
0153:  MOVWF  23
0154:  MOVF   23,W
0155:  SUBLW  03
0156:  BTFSS  03.0
0157:  GOTO   160
....................    { 
....................        lcd_send_nibble(3); 
0158:  MOVLW  03
0159:  MOVWF  34
015A:  CALL   0EA
....................        delay_ms(5); 
015B:  MOVLW  05
015C:  MOVWF  2D
015D:  CALL   0D5
015E:  INCF   23,F
015F:  GOTO   154
....................    } 
....................     
....................    lcd_send_nibble(2); 
0160:  MOVLW  02
0161:  MOVWF  34
0162:  CALL   0EA
....................    delay_ms(5); 
0163:  MOVLW  05
0164:  MOVWF  2D
0165:  CALL   0D5
....................    for(i=0;i<=3;++i) 
0166:  CLRF   23
0167:  MOVF   23,W
0168:  SUBLW  03
0169:  BTFSS  03.0
016A:  GOTO   177
....................       lcd_send_byte(0,LCD_INIT_STRING[i]); 
016B:  MOVLW  24
016C:  ADDWF  23,W
016D:  MOVWF  04
016E:  BCF    03.7
016F:  MOVF   00,W
0170:  MOVWF  28
0171:  CLRF   31
0172:  MOVF   28,W
0173:  MOVWF  32
0174:  CALL   0FC
....................  
....................   #if defined(LCD_EXTENDED_NEWLINE) 
0175:  INCF   23,F
0176:  GOTO   167
0177:  BCF    0A.3
0178:  BCF    0A.4
0179:  GOTO   400 (RETURN)
....................    g_LcdX = 0; 
....................    g_LcdY = 0; 
....................   #endif 
.................... } 
....................  
.................... void lcd_gotoxy(unsigned int8 x, unsigned int8 y) 
.................... { 
....................    unsigned int8 address; 
....................     
....................    if(y!=1) 
017A:  DECFSZ 2E,W
017B:  GOTO   17D
017C:  GOTO   180
....................       address=LCD_LINE_TWO; 
017D:  MOVLW  40
017E:  MOVWF  2F
017F:  GOTO   181
....................    else 
....................       address=0; 
0180:  CLRF   2F
....................       
....................    address+=x-1; 
0181:  MOVLW  01
0182:  SUBWF  2D,W
0183:  ADDWF  2F,F
....................    lcd_send_byte(0,0x80|address); 
0184:  MOVF   2F,W
0185:  IORLW  80
0186:  MOVWF  30
0187:  CLRF   31
0188:  MOVF   30,W
0189:  MOVWF  32
018A:  CALL   0FC
....................  
....................   #if defined(LCD_EXTENDED_NEWLINE) 
018B:  RETURN
....................    g_LcdX = x - 1; 
....................    g_LcdY = y - 1; 
....................   #endif 
.................... } 
....................  
.................... void lcd_putc(char c) 
.................... { 
....................    switch (c) 
018C:  MOVF   2C,W
018D:  XORLW  07
018E:  BTFSC  03.2
018F:  GOTO   19A
0190:  XORLW  0B
0191:  BTFSC  03.2
0192:  GOTO   19F
0193:  XORLW  06
0194:  BTFSC  03.2
0195:  GOTO   1A7
0196:  XORLW  02
0197:  BTFSC  03.2
0198:  GOTO   1AD
0199:  GOTO   1B2
....................    { 
....................       case '\a'   :  lcd_gotoxy(1,1);     break; 
019A:  MOVLW  01
019B:  MOVWF  2D
019C:  MOVWF  2E
019D:  CALL   17A
019E:  GOTO   1B7
....................  
....................       case '\f'   :  lcd_send_byte(0,1); 
019F:  CLRF   31
01A0:  MOVLW  01
01A1:  MOVWF  32
01A2:  CALL   0FC
....................                      delay_ms(2); 
01A3:  MOVLW  02
01A4:  MOVWF  2D
01A5:  CALL   0D5
....................                     #if defined(LCD_EXTENDED_NEWLINE) 
....................                      g_LcdX = 0; 
....................                      g_LcdY = 0; 
....................                     #endif 
....................                      break; 
01A6:  GOTO   1B7
....................  
....................      #if defined(LCD_EXTENDED_NEWLINE) 
....................       case '\r'   :  lcd_gotoxy(1, g_LcdY+1);   break; 
....................       case '\n'   : 
....................          while (g_LcdX++ < LCD_LINE_LENGTH) 
....................          { 
....................             lcd_send_byte(1, ' '); 
....................          } 
....................          lcd_gotoxy(1, g_LcdY+2); 
....................          break; 
....................      #else 
....................       case '\n'   : lcd_gotoxy(1,2);        break; 
01A7:  MOVLW  01
01A8:  MOVWF  2D
01A9:  MOVLW  02
01AA:  MOVWF  2E
01AB:  CALL   17A
01AC:  GOTO   1B7
....................      #endif 
....................       
....................       case '\b'   : lcd_send_byte(0,0x10);  break; 
01AD:  CLRF   31
01AE:  MOVLW  10
01AF:  MOVWF  32
01B0:  CALL   0FC
01B1:  GOTO   1B7
....................       
....................      #if defined(LCD_EXTENDED_NEWLINE) 
....................       default     :  
....................          if (g_LcdX < LCD_LINE_LENGTH) 
....................          { 
....................             lcd_send_byte(1, c); 
....................             g_LcdX++; 
....................          } 
....................          break; 
....................      #else 
....................       default     : lcd_send_byte(1,c);     break; 
01B2:  MOVLW  01
01B3:  MOVWF  31
01B4:  MOVF   2C,W
01B5:  MOVWF  32
01B6:  CALL   0FC
....................      #endif 
....................    } 
01B7:  RETURN
.................... } 
....................   
.................... char lcd_getc(unsigned int8 x, unsigned int8 y) 
.................... { 
....................    char value; 
....................  
....................    lcd_gotoxy(x,y); 
....................    while ( bit_test(lcd_read_byte(),7) ); // wait until busy flag is low 
....................    lcd_output_rs(1); 
....................    value = lcd_read_byte(); 
....................    lcd_output_rs(0); 
....................     
....................    return(value); 
.................... } 
....................  
.................... // write a custom character to the ram 
.................... // which is 0-7 and specifies which character array we are modifying. 
.................... // ptr points to an array of 8 bytes, where each byte is the next row of 
.................... //    pixels.  only bits 0-4 are used.  the last row is the cursor row, and 
.................... //    usually you will want to leave this byte 0x00. 
.................... void lcd_set_cgram_char(unsigned int8 which, unsigned int8 *ptr) 
.................... { 
....................    unsigned int i; 
....................  
....................    which <<= 3; 
....................    which &= 0x38; 
....................  
....................    lcd_send_byte(0, 0x40 | which);  //set cgram address 
....................  
....................    for(i=0; i<8; i++) 
....................    { 
....................       lcd_send_byte(1, *ptr++); 
....................    } 
....................    
....................    #if defined(LCD_EXTENDED_NEWLINE) 
....................     lcd_gotoxy(g_LcdX+1, g_LcdY+1);  //set ddram address 
....................    #endif 
.................... } 
....................  
.................... void lcd_cursor_on(int1 on) 
.................... { 
....................    if (on) 
....................    { 
....................       lcd_send_byte(0,0x0F);           //turn LCD cursor ON 
....................    } 
....................    else 
....................    { 
....................       lcd_send_byte(0,0x0C);           //turn LCD cursor OFF 
....................    } 
.................... } 
....................  
.................... #endif 
....................  
....................  
.................... //comienzo del programa 
.................... //El programa muestra los meses del año 
.................... //A traves del ADC (10 bits) se estableceran rangos para cada mes de la siguiente manera 
.................... // Enero 0-84 
.................... // Febrero 85-169 
.................... // Marzo 170-254 
.................... // Abril 255-339 
.................... // Mayo 340-424 
.................... // Junio 425-509 
.................... // Julio 510-594 
.................... // Agosto 595-679 
.................... // Septiembre 680-764 
.................... // Octubre 765-849 
.................... // Noviembre 850-934 
.................... // Diciembre 935-1024 
.................... // El alcance del programa puede ser para llevar por ejemplo un diario escrito 
.................... // Se puede establecer un calendario, y que cada dia el usuario a una determinada hora 
.................... // Anote sus observaciones del dia, su estado de animo etc 
.................... // Es una aplicacion muy sencilla, pero el hecho de tener un dispositivo especializado en ello 
.................... // Puede ser estimulante para realizar una determinada accion 
....................  
.................... void main(){ 
*
03DA:  MOVF   03,W
03DB:  ANDLW  1F
03DC:  MOVWF  03
03DD:  MOVLW  61
03DE:  BSF    03.5
03DF:  MOVWF  0F
03E0:  MOVF   0F,W
03E1:  BCF    03.5
03E2:  CLRF   20
03E3:  BSF    03.5
03E4:  BSF    03.6
03E5:  BCF    07.3
03E6:  MOVLW  19
03E7:  BCF    03.6
03E8:  MOVWF  19
03E9:  MOVLW  A6
03EA:  MOVWF  18
03EB:  MOVLW  90
03EC:  BCF    03.5
03ED:  MOVWF  18
03EE:  BSF    03.5
03EF:  BSF    03.6
03F0:  MOVF   09,W
03F1:  ANDLW  C0
03F2:  MOVWF  09
03F3:  BCF    03.6
03F4:  BCF    1F.4
03F5:  BCF    1F.5
03F6:  MOVLW  00
03F7:  BSF    03.6
03F8:  MOVWF  08
03F9:  BCF    03.5
03FA:  CLRF   07
03FB:  CLRF   08
03FC:  CLRF   09
03FD:  BCF    03.7
....................    //Variable donde se almacenara el valor del PWM 
....................    int16 iAdc; 
....................    // se inicializa la funcion del LCD 
....................    lcd_init();  
03FE:  BCF    03.6
03FF:  GOTO   13C
....................     
....................    //Se define el puerto ADC 
....................    setup_adc_ports(sAN0); 
0400:  BSF    03.5
0401:  BSF    03.6
0402:  MOVF   09,W
0403:  ANDLW  C0
0404:  MOVWF  09
0405:  BCF    03.6
0406:  BCF    1F.4
0407:  BCF    1F.5
0408:  MOVLW  01
0409:  BSF    03.6
040A:  MOVWF  08
....................    //Se establece el reloj interno del ADC 
....................    setup_adc(ADC_CLOCK_INTERNAL); 
040B:  BCF    03.5
040C:  BCF    03.6
040D:  BSF    1F.6
040E:  BSF    1F.7
040F:  BSF    03.5
0410:  BSF    1F.7
0411:  BCF    03.5
0412:  BSF    1F.0
....................    //Imprimir mensaje de preparacion en la LCD 
....................    lcd_putc("\fReady...\n"); 
0413:  MOVLW  04
0414:  BSF    03.6
0415:  MOVWF  0D
0416:  MOVLW  00
0417:  MOVWF  0F
0418:  BCF    03.6
0419:  CALL   1B8
....................    delay_ms(2000); 
041A:  MOVLW  08
041B:  MOVWF  23
041C:  MOVLW  FA
041D:  MOVWF  2D
041E:  CALL   0D5
041F:  DECFSZ 23,F
0420:  GOTO   41C
....................    //Comienzo del programa 
....................    while(TRUE){ 
....................       // se establece ADC canal 
....................       set_adc_channel(0); 
0421:  MOVLW  00
0422:  MOVWF  78
0423:  MOVF   1F,W
0424:  ANDLW  C3
0425:  IORWF  78,W
0426:  MOVWF  1F
....................       delay_ms(10); 
0427:  MOVLW  0A
0428:  MOVWF  2D
0429:  CALL   0D5
....................       //lectura del adc 
....................       iAdc = read_adc(); 
042A:  BSF    1F.1
042B:  BTFSC  1F.1
042C:  GOTO   42B
042D:  BSF    03.5
042E:  MOVF   1E,W
042F:  BCF    03.5
0430:  MOVWF  21
0431:  MOVF   1E,W
0432:  MOVWF  22
....................        
....................       //Limpiar la pantalla 
....................       printf(lcd_putc, "\f"); 
0433:  MOVLW  0C
0434:  MOVWF  2C
0435:  CALL   18C
....................       //lectura adc impresa 
....................       lcd_gotoxy(1,1); 
0436:  MOVLW  01
0437:  MOVWF  2D
0438:  MOVWF  2E
0439:  CALL   17A
....................       printf(lcd_putc, "ADC=%Lu", iAdc); 
043A:  MOVLW  0A
043B:  BSF    03.6
043C:  MOVWF  0D
043D:  MOVLW  00
043E:  MOVWF  0F
043F:  BCF    03.0
0440:  MOVLW  04
0441:  BCF    03.6
0442:  MOVWF  23
0443:  GOTO   20E
0444:  MOVLW  10
0445:  MOVWF  04
0446:  MOVF   22,W
0447:  MOVWF  24
0448:  MOVF   21,W
0449:  MOVWF  23
044A:  GOTO   267
....................       printf("Valor del ADC = %Lu\n\r", iAdc); 
044B:  MOVLW  0E
044C:  BSF    03.6
044D:  MOVWF  0D
044E:  MOVLW  00
044F:  MOVWF  0F
0450:  BCF    03.0
0451:  MOVLW  10
0452:  BCF    03.6
0453:  MOVWF  23
0454:  GOTO   2CC
0455:  MOVLW  10
0456:  MOVWF  04
0457:  MOVF   22,W
0458:  MOVWF  24
0459:  MOVF   21,W
045A:  MOVWF  23
045B:  GOTO   327
045C:  MOVLW  0A
045D:  BTFSS  0C.4
045E:  GOTO   45D
045F:  MOVWF  19
0460:  MOVLW  0D
0461:  BTFSS  0C.4
0462:  GOTO   461
0463:  MOVWF  19
....................       if(iAdc >= 0 && iAdc <= 84){ 
0464:  MOVF   22,F
0465:  BTFSS  03.2
0466:  GOTO   47F
0467:  MOVF   21,W
0468:  SUBLW  54
0469:  BTFSS  03.0
046A:  GOTO   47F
....................          lcd_gotoxy(1,2); 
046B:  MOVLW  01
046C:  MOVWF  2D
046D:  MOVLW  02
046E:  MOVWF  2E
046F:  CALL   17A
....................          printf(lcd_putc,"Enero"); 
0470:  MOVLW  19
0471:  BSF    03.6
0472:  MOVWF  0D
0473:  MOVLW  00
0474:  MOVWF  0F
0475:  BCF    03.6
0476:  CALL   1B8
....................          printf("Es el mes de ENERO \n\r"); 
0477:  MOVLW  1C
0478:  BSF    03.6
0479:  MOVWF  0D
047A:  MOVLW  00
047B:  MOVWF  0F
047C:  BCF    03.6
047D:  CALL   382
....................       }else if(iAdc >= 85 && iAdc <= 169){ 
047E:  GOTO   61A
047F:  MOVF   22,F
0480:  BTFSS  03.2
0481:  GOTO   486
0482:  MOVF   21,W
0483:  SUBLW  54
0484:  BTFSC  03.0
0485:  GOTO   4A1
0486:  MOVF   22,F
0487:  BTFSS  03.2
0488:  GOTO   4A1
0489:  MOVF   21,W
048A:  SUBLW  A9
048B:  BTFSS  03.0
048C:  GOTO   4A1
....................          lcd_gotoxy(1,2); 
048D:  MOVLW  01
048E:  MOVWF  2D
048F:  MOVLW  02
0490:  MOVWF  2E
0491:  CALL   17A
....................          printf(lcd_putc,"Febrero"); 
0492:  MOVLW  27
0493:  BSF    03.6
0494:  MOVWF  0D
0495:  MOVLW  00
0496:  MOVWF  0F
0497:  BCF    03.6
0498:  CALL   1B8
....................          printf("Es el mes de FEBRERO \n\r"); 
0499:  MOVLW  2B
049A:  BSF    03.6
049B:  MOVWF  0D
049C:  MOVLW  00
049D:  MOVWF  0F
049E:  BCF    03.6
049F:  CALL   382
....................       }else if(iAdc >= 170 && iAdc <= 254){ 
04A0:  GOTO   61A
04A1:  MOVF   22,F
04A2:  BTFSS  03.2
04A3:  GOTO   4A8
04A4:  MOVF   21,W
04A5:  SUBLW  A9
04A6:  BTFSC  03.0
04A7:  GOTO   4C3
04A8:  MOVF   22,F
04A9:  BTFSS  03.2
04AA:  GOTO   4C3
04AB:  MOVF   21,W
04AC:  SUBLW  FE
04AD:  BTFSS  03.0
04AE:  GOTO   4C3
....................          lcd_gotoxy(1,2); 
04AF:  MOVLW  01
04B0:  MOVWF  2D
04B1:  MOVLW  02
04B2:  MOVWF  2E
04B3:  CALL   17A
....................          printf(lcd_putc,"Marzo"); 
04B4:  MOVLW  37
04B5:  BSF    03.6
04B6:  MOVWF  0D
04B7:  MOVLW  00
04B8:  MOVWF  0F
04B9:  BCF    03.6
04BA:  CALL   1B8
....................          printf("Es el mes de MARZO \n\r"); 
04BB:  MOVLW  3A
04BC:  BSF    03.6
04BD:  MOVWF  0D
04BE:  MOVLW  00
04BF:  MOVWF  0F
04C0:  BCF    03.6
04C1:  CALL   382
....................       }else if(iAdc >= 255 && iAdc <= 339){ 
04C2:  GOTO   61A
04C3:  MOVF   22,F
04C4:  BTFSS  03.2
04C5:  GOTO   4CA
04C6:  MOVF   21,W
04C7:  SUBLW  FE
04C8:  BTFSC  03.0
04C9:  GOTO   4E8
04CA:  MOVF   22,W
04CB:  SUBLW  01
04CC:  BTFSS  03.0
04CD:  GOTO   4E8
04CE:  BTFSS  03.2
04CF:  GOTO   4D4
04D0:  MOVF   21,W
04D1:  SUBLW  53
04D2:  BTFSS  03.0
04D3:  GOTO   4E8
....................          lcd_gotoxy(1,2); 
04D4:  MOVLW  01
04D5:  MOVWF  2D
04D6:  MOVLW  02
04D7:  MOVWF  2E
04D8:  CALL   17A
....................          printf(lcd_putc,"Abril"); 
04D9:  MOVLW  45
04DA:  BSF    03.6
04DB:  MOVWF  0D
04DC:  MOVLW  00
04DD:  MOVWF  0F
04DE:  BCF    03.6
04DF:  CALL   1B8
....................          printf("Es el mes de ABRIL \n\r"); 
04E0:  MOVLW  48
04E1:  BSF    03.6
04E2:  MOVWF  0D
04E3:  MOVLW  00
04E4:  MOVWF  0F
04E5:  BCF    03.6
04E6:  CALL   382
....................       }else if(iAdc >= 340 && iAdc <= 424){ 
04E7:  GOTO   61A
04E8:  MOVF   22,W
04E9:  SUBLW  00
04EA:  BTFSC  03.0
04EB:  GOTO   511
04EC:  XORLW  FF
04ED:  BTFSS  03.2
04EE:  GOTO   4F3
04EF:  MOVF   21,W
04F0:  SUBLW  53
04F1:  BTFSC  03.0
04F2:  GOTO   511
04F3:  MOVF   22,W
04F4:  SUBLW  01
04F5:  BTFSS  03.0
04F6:  GOTO   511
04F7:  BTFSS  03.2
04F8:  GOTO   4FD
04F9:  MOVF   21,W
04FA:  SUBLW  A8
04FB:  BTFSS  03.0
04FC:  GOTO   511
....................          lcd_gotoxy(1,2); 
04FD:  MOVLW  01
04FE:  MOVWF  2D
04FF:  MOVLW  02
0500:  MOVWF  2E
0501:  CALL   17A
....................          printf(lcd_putc,"Mayo");  
0502:  MOVLW  53
0503:  BSF    03.6
0504:  MOVWF  0D
0505:  MOVLW  00
0506:  MOVWF  0F
0507:  BCF    03.6
0508:  CALL   1B8
....................          printf("Es el mes de MAYO \n\r"); 
0509:  MOVLW  56
050A:  BSF    03.6
050B:  MOVWF  0D
050C:  MOVLW  00
050D:  MOVWF  0F
050E:  BCF    03.6
050F:  CALL   382
....................       }else if(iAdc >=425 && iAdc <= 509){ 
0510:  GOTO   61A
0511:  MOVF   22,W
0512:  SUBLW  00
0513:  BTFSC  03.0
0514:  GOTO   53A
0515:  XORLW  FF
0516:  BTFSS  03.2
0517:  GOTO   51C
0518:  MOVF   21,W
0519:  SUBLW  A8
051A:  BTFSC  03.0
051B:  GOTO   53A
051C:  MOVF   22,W
051D:  SUBLW  01
051E:  BTFSS  03.0
051F:  GOTO   53A
0520:  BTFSS  03.2
0521:  GOTO   526
0522:  MOVF   21,W
0523:  SUBLW  FD
0524:  BTFSS  03.0
0525:  GOTO   53A
....................          lcd_gotoxy(1,2); 
0526:  MOVLW  01
0527:  MOVWF  2D
0528:  MOVLW  02
0529:  MOVWF  2E
052A:  CALL   17A
....................          printf(lcd_putc,"Junio");  
052B:  MOVLW  61
052C:  BSF    03.6
052D:  MOVWF  0D
052E:  MOVLW  00
052F:  MOVWF  0F
0530:  BCF    03.6
0531:  CALL   1B8
....................          printf("Es el mes de JUNIO \n\r"); 
0532:  MOVLW  64
0533:  BSF    03.6
0534:  MOVWF  0D
0535:  MOVLW  00
0536:  MOVWF  0F
0537:  BCF    03.6
0538:  CALL   382
....................       }else if(iAdc >=510 && iAdc <= 594){ 
0539:  GOTO   61A
053A:  MOVF   22,W
053B:  SUBLW  00
053C:  BTFSC  03.0
053D:  GOTO   563
053E:  XORLW  FF
053F:  BTFSS  03.2
0540:  GOTO   545
0541:  MOVF   21,W
0542:  SUBLW  FD
0543:  BTFSC  03.0
0544:  GOTO   563
0545:  MOVF   22,W
0546:  SUBLW  02
0547:  BTFSS  03.0
0548:  GOTO   563
0549:  BTFSS  03.2
054A:  GOTO   54F
054B:  MOVF   21,W
054C:  SUBLW  52
054D:  BTFSS  03.0
054E:  GOTO   563
....................          lcd_gotoxy(1,2); 
054F:  MOVLW  01
0550:  MOVWF  2D
0551:  MOVLW  02
0552:  MOVWF  2E
0553:  CALL   17A
....................          printf(lcd_putc,"Julio");  
0554:  MOVLW  6F
0555:  BSF    03.6
0556:  MOVWF  0D
0557:  MOVLW  00
0558:  MOVWF  0F
0559:  BCF    03.6
055A:  CALL   1B8
....................          printf("Es el mes de JULIO \n\r"); 
055B:  MOVLW  72
055C:  BSF    03.6
055D:  MOVWF  0D
055E:  MOVLW  00
055F:  MOVWF  0F
0560:  BCF    03.6
0561:  CALL   382
....................       }else if(iAdc >=595 && iAdc <= 679){ 
0562:  GOTO   61A
0563:  MOVF   22,W
0564:  SUBLW  01
0565:  BTFSC  03.0
0566:  GOTO   58C
0567:  XORLW  FF
0568:  BTFSS  03.2
0569:  GOTO   56E
056A:  MOVF   21,W
056B:  SUBLW  52
056C:  BTFSC  03.0
056D:  GOTO   58C
056E:  MOVF   22,W
056F:  SUBLW  02
0570:  BTFSS  03.0
0571:  GOTO   58C
0572:  BTFSS  03.2
0573:  GOTO   578
0574:  MOVF   21,W
0575:  SUBLW  A7
0576:  BTFSS  03.0
0577:  GOTO   58C
....................          lcd_gotoxy(1,2); 
0578:  MOVLW  01
0579:  MOVWF  2D
057A:  MOVLW  02
057B:  MOVWF  2E
057C:  CALL   17A
....................          printf(lcd_putc,"Agosto"); 
057D:  MOVLW  7D
057E:  BSF    03.6
057F:  MOVWF  0D
0580:  MOVLW  00
0581:  MOVWF  0F
0582:  BCF    03.6
0583:  CALL   1B8
....................          printf("Es el mes de AGOSTO \n\r"); 
0584:  MOVLW  81
0585:  BSF    03.6
0586:  MOVWF  0D
0587:  MOVLW  00
0588:  MOVWF  0F
0589:  BCF    03.6
058A:  CALL   382
....................       }else if(iAdc >=680 && iAdc <= 764){ 
058B:  GOTO   61A
058C:  MOVF   22,W
058D:  SUBLW  01
058E:  BTFSC  03.0
058F:  GOTO   5B5
0590:  XORLW  FF
0591:  BTFSS  03.2
0592:  GOTO   597
0593:  MOVF   21,W
0594:  SUBLW  A7
0595:  BTFSC  03.0
0596:  GOTO   5B5
0597:  MOVF   22,W
0598:  SUBLW  02
0599:  BTFSS  03.0
059A:  GOTO   5B5
059B:  BTFSS  03.2
059C:  GOTO   5A1
059D:  MOVF   21,W
059E:  SUBLW  FC
059F:  BTFSS  03.0
05A0:  GOTO   5B5
....................          lcd_gotoxy(1,2); 
05A1:  MOVLW  01
05A2:  MOVWF  2D
05A3:  MOVLW  02
05A4:  MOVWF  2E
05A5:  CALL   17A
....................          printf(lcd_putc,"Septiembre");  
05A6:  MOVLW  8D
05A7:  BSF    03.6
05A8:  MOVWF  0D
05A9:  MOVLW  00
05AA:  MOVWF  0F
05AB:  BCF    03.6
05AC:  CALL   1B8
....................          printf("Es el mes de SEPTIEMBRE \n\r"); 
05AD:  MOVLW  93
05AE:  BSF    03.6
05AF:  MOVWF  0D
05B0:  MOVLW  00
05B1:  MOVWF  0F
05B2:  BCF    03.6
05B3:  CALL   382
....................       }else if(iAdc >=765 && iAdc <= 849){ 
05B4:  GOTO   61A
05B5:  MOVF   22,W
05B6:  SUBLW  01
05B7:  BTFSC  03.0
05B8:  GOTO   5DE
05B9:  XORLW  FF
05BA:  BTFSS  03.2
05BB:  GOTO   5C0
05BC:  MOVF   21,W
05BD:  SUBLW  FC
05BE:  BTFSC  03.0
05BF:  GOTO   5DE
05C0:  MOVF   22,W
05C1:  SUBLW  03
05C2:  BTFSS  03.0
05C3:  GOTO   5DE
05C4:  BTFSS  03.2
05C5:  GOTO   5CA
05C6:  MOVF   21,W
05C7:  SUBLW  51
05C8:  BTFSS  03.0
05C9:  GOTO   5DE
....................          lcd_gotoxy(1,2); 
05CA:  MOVLW  01
05CB:  MOVWF  2D
05CC:  MOVLW  02
05CD:  MOVWF  2E
05CE:  CALL   17A
....................          printf(lcd_putc,"Octubre");  
05CF:  MOVLW  A1
05D0:  BSF    03.6
05D1:  MOVWF  0D
05D2:  MOVLW  00
05D3:  MOVWF  0F
05D4:  BCF    03.6
05D5:  CALL   1B8
....................          printf("Es el mes de OCTUBRE \n\r"); 
05D6:  MOVLW  A5
05D7:  BSF    03.6
05D8:  MOVWF  0D
05D9:  MOVLW  00
05DA:  MOVWF  0F
05DB:  BCF    03.6
05DC:  CALL   382
....................       }else if(iAdc >=850 && iAdc <= 934){ 
05DD:  GOTO   61A
05DE:  MOVF   22,W
05DF:  SUBLW  02
05E0:  BTFSC  03.0
05E1:  GOTO   607
05E2:  XORLW  FF
05E3:  BTFSS  03.2
05E4:  GOTO   5E9
05E5:  MOVF   21,W
05E6:  SUBLW  51
05E7:  BTFSC  03.0
05E8:  GOTO   607
05E9:  MOVF   22,W
05EA:  SUBLW  03
05EB:  BTFSS  03.0
05EC:  GOTO   607
05ED:  BTFSS  03.2
05EE:  GOTO   5F3
05EF:  MOVF   21,W
05F0:  SUBLW  A6
05F1:  BTFSS  03.0
05F2:  GOTO   607
....................          lcd_gotoxy(1,2); 
05F3:  MOVLW  01
05F4:  MOVWF  2D
05F5:  MOVLW  02
05F6:  MOVWF  2E
05F7:  CALL   17A
....................          printf(lcd_putc,"Noviembre");  
05F8:  MOVLW  B1
05F9:  BSF    03.6
05FA:  MOVWF  0D
05FB:  MOVLW  00
05FC:  MOVWF  0F
05FD:  BCF    03.6
05FE:  CALL   1B8
....................          printf("Es el mes de NOVIEMBRE \n\r"); 
05FF:  MOVLW  B6
0600:  BSF    03.6
0601:  MOVWF  0D
0602:  MOVLW  00
0603:  MOVWF  0F
0604:  BCF    03.6
0605:  CALL   382
....................       }else{ 
0606:  GOTO   61A
....................          lcd_gotoxy(1,2); 
0607:  MOVLW  01
0608:  MOVWF  2D
0609:  MOVLW  02
060A:  MOVWF  2E
060B:  CALL   17A
....................          printf(lcd_putc,"Diciembre");  
060C:  MOVLW  C3
060D:  BSF    03.6
060E:  MOVWF  0D
060F:  MOVLW  00
0610:  MOVWF  0F
0611:  BCF    03.6
0612:  CALL   1B8
....................          printf("Es el mes de DICIEMBRE \n\r"); 
0613:  MOVLW  C8
0614:  BSF    03.6
0615:  MOVWF  0D
0616:  MOVLW  00
0617:  MOVWF  0F
0618:  BCF    03.6
0619:  CALL   382
....................       } 
....................        
....................        
....................       delay_ms(100); 
061A:  MOVLW  64
061B:  MOVWF  2D
061C:  CALL   0D5
061D:  GOTO   421
....................    } 
.................... } 
061E:  SLEEP

Configuration Fuses:
   Word  1: 2CA4   INTRC_IO NOWDT PUT MCLR PROTECT NOCPD NOBROWNOUT IESO FCMEN NOLVP NODEBUG
   Word  2: 3FFF   BORV40 NOWRT
